d:\.repo\csgo\csgo\release\vc143.pdb
d:\.repo\csgo\csgo\release\source.obj
d:\.repo\csgo\csgo\release\imgui_impl_win32.obj
d:\.repo\csgo\csgo\release\imgui_impl_dx9.obj
d:\.repo\csgo\csgo\release\hooks.obj
d:\.repo\csgo\csgo\release\gui.obj
d:\.repo\csgo\csgo\release\imgui_widgets.obj
d:\.repo\csgo\csgo\release\imgui_tables.obj
d:\.repo\csgo\csgo\release\imgui_draw.obj
d:\.repo\csgo\csgo\release\imgui_demo.obj
d:\.repo\csgo\csgo\release\imgui.obj
d:\.repo\csgo\csgo\release\csgo.obj
d:\.repo\csgo\csgo\release\trampoline.obj
d:\.repo\csgo\csgo\release\hook.obj
d:\.repo\csgo\csgo\release\hde64.obj
d:\.repo\csgo\csgo\release\hde32.obj
d:\.repo\csgo\csgo\release\buffer.obj
d:\.repo\csgo\release\csgo.dll
d:\.repo\csgo\csgo\release\csgo.ipdb
d:\.repo\csgo\csgo\release\csgo.iobj
d:\.repo\csgo\release\csgo.pdb
d:\.repo\csgo\csgo\release\memory.obj
d:\.repo\csgo\csgo\release\csgo.tlog\cl.command.1.tlog
d:\.repo\csgo\csgo\release\csgo.tlog\cl.read.1.tlog
d:\.repo\csgo\csgo\release\csgo.tlog\cl.write.1.tlog
d:\.repo\csgo\csgo\release\csgo.tlog\link.command.1.tlog
d:\.repo\csgo\csgo\release\csgo.tlog\link.read.1.tlog
d:\.repo\csgo\csgo\release\csgo.tlog\link.write.1.tlog
